<?xml version="1.0" encoding="UTF-8"?>
<robot generator="Robot 4.1.3 (Python 3.9.0 on win32)" generated="20220315 17:56:18.502" rpa="false" schemaversion="2">
<suite id="s1" name="Tests" source="C:\GravidadeZERO\yodapp\tests">
<suite id="s1-s1" name="Cadastro" source="C:\GravidadeZERO\yodapp\tests\cadastro.robot">
<test id="s1-s1-t1" name="Deve cadastrar um novo personagem">
<kw name="Start Session" library="base" type="SETUP">
<kw name="New Browser" library="Browser">
<arg>chromium</arg>
<arg>headless=False</arg>
<arg>slowMo=00:00:00</arg>
<tag>BrowserControl</tag>
<tag>Setter</tag>
<doc>Create a new playwright Browser with specified options.</doc>
<msg timestamp="20220315 17:56:19.576" level="INFO">{"browser": "chromium", "headless": false, "handleSIGINT": true, "handleSIGTERM": true, "handleSIGHUP": true, "timeout": 30000.0, "devtools": false, "slowMo": 0.0, "tracesDir": "C:\\GravidadeZERO\\yodapp\\logs\\browser\\traces\\34329467-8eb2-4afa-9244-252a4a0370be"}</msg>
<msg timestamp="20220315 17:56:24.015" level="INFO">Successfully created browser with options: {"browser":"chromium","headless":false,"handleSIGINT":true,"handleSIGTERM":true,"handleSIGHUP":true,"timeout":30000,"devtools":false,"slowMo":0,"tracesDir":"C:\\GravidadeZERO\\yodapp\\logs\\browser\\traces\\34329467-8eb2-4afa-9244-252a4a0370be"}</msg>
<status status="PASS" starttime="20220315 17:56:19.575" endtime="20220315 17:56:24.015"/>
</kw>
<kw name="New Page" library="Browser">
<arg>${BASE_URL}</arg>
<tag>BrowserControl</tag>
<tag>Setter</tag>
<doc>Open a new Page.</doc>
<msg timestamp="20220315 17:56:29.350" level="INFO">Successfully initialized new page object and opened url: https://yodapp-testing.vercel.app</msg>
<msg timestamp="20220315 17:56:29.350" level="INFO">No context was open. New context was automatically opened when this page is created.</msg>
<status status="PASS" starttime="20220315 17:56:24.015" endtime="20220315 17:56:29.350"/>
</kw>
<status status="PASS" starttime="20220315 17:56:19.575" endtime="20220315 17:56:29.350"/>
</kw>
<kw name="Factory Yoda" library="users">
<var>&amp;{user}</var>
<msg timestamp="20220315 17:56:29.351" level="INFO">&amp;{user} = { name=Mestre Yoda | email=yoda@jedi.com | ordem=Jedi | tpjedi=Cavaleiro Jedi | bdate=fevereiro-1970-20 | instagram=@yoda }</msg>
<status status="PASS" starttime="20220315 17:56:29.351" endtime="20220315 17:56:29.351"/>
</kw>
<kw name="Go to User Form" library="actions">
<kw name="Click" library="Browser">
<arg>text=Novo</arg>
<tag>PageContent</tag>
<tag>Setter</tag>
<doc>Simulates mouse click on the element found by ``selector``.</doc>
<status status="PASS" starttime="20220315 17:56:29.352" endtime="20220315 17:56:29.786"/>
</kw>
<kw name="Wait For Elements State" library="Browser">
<arg>css=.card-header-title &gt;&gt; text=Cadastrar novo usuário</arg>
<arg>visible</arg>
<arg>5</arg>
<tag>PageContent</tag>
<tag>Wait</tag>
<doc>Waits for the element found by ``selector`` to satisfy state option.</doc>
<msg timestamp="20220315 17:56:30.427" level="INFO">Waited for Element with selector css=.card-header-title &gt;&gt; text=Cadastrar novo usuário at state visible</msg>
<status status="PASS" starttime="20220315 17:56:29.786" endtime="20220315 17:56:30.427"/>
</kw>
<status status="PASS" starttime="20220315 17:56:29.352" endtime="20220315 17:56:30.427"/>
</kw>
<kw name="Fill User Form" library="actions">
<arg>${user}</arg>
<kw name="Fill Text" library="Browser">
<arg>css=input[name="nome"]</arg>
<arg>${user}[name]</arg>
<tag>PageContent</tag>
<tag>Setter</tag>
<doc>Clears and fills the given ``txt`` into the text field found by ``selector``.</doc>
<msg timestamp="20220315 17:56:30.428" level="INFO">Fills the text 'Mestre Yoda' in the given field.</msg>
<status status="PASS" starttime="20220315 17:56:30.428" endtime="20220315 17:56:30.451"/>
</kw>
<kw name="Fill Text" library="Browser">
<arg>css=input[name="email"]</arg>
<arg>${user}[email]</arg>
<tag>PageContent</tag>
<tag>Setter</tag>
<doc>Clears and fills the given ``txt`` into the text field found by ``selector``.</doc>
<msg timestamp="20220315 17:56:30.452" level="INFO">Fills the text 'yoda@jedi.com' in the given field.</msg>
<status status="PASS" starttime="20220315 17:56:30.451" endtime="20220315 17:56:30.473"/>
</kw>
<kw name="Select Options By" library="Browser">
<arg>css=.ordem select</arg>
<arg>text</arg>
<arg>${user}[ordem]</arg>
<tag>PageContent</tag>
<tag>Setter</tag>
<doc>Selects options from select element found by ``selector``.</doc>
<status status="PASS" starttime="20220315 17:56:30.473" endtime="20220315 17:56:30.507"/>
</kw>
<kw name="Select Birth Date" library="actions">
<arg>${user}[bdate]</arg>
<kw name="Split String" library="String">
<var>@{date}</var>
<arg>${text_date}</arg>
<arg>-</arg>
<doc>Splits the ``string`` using ``separator`` as a delimiter string.</doc>
<msg timestamp="20220315 17:56:30.508" level="INFO">@{date} = [ fevereiro | 1970 | 20 ]</msg>
<status status="PASS" starttime="20220315 17:56:30.508" endtime="20220315 17:56:30.508"/>
</kw>
<kw name="Click" library="Browser">
<arg>css=input[name="Data de nascimento"]</arg>
<tag>PageContent</tag>
<tag>Setter</tag>
<doc>Simulates mouse click on the element found by ``selector``.</doc>
<status status="PASS" starttime="20220315 17:56:30.508" endtime="20220315 17:56:30.737"/>
</kw>
<kw name="Select Options By" library="Browser">
<arg>xpath=(//header[@class="datepicker-header"]//select)[1]</arg>
<arg>text</arg>
<arg>${date}[0]</arg>
<tag>PageContent</tag>
<tag>Setter</tag>
<doc>Selects options from select element found by ``selector``.</doc>
<status status="PASS" starttime="20220315 17:56:30.737" endtime="20220315 17:56:30.775"/>
</kw>
<kw name="Select Options By" library="Browser">
<arg>xpath=(//header[@class="datepicker-header"]//select)[2]</arg>
<arg>value</arg>
<arg>${date}[1]</arg>
<tag>PageContent</tag>
<tag>Setter</tag>
<doc>Selects options from select element found by ``selector``.</doc>
<status status="PASS" starttime="20220315 17:56:30.775" endtime="20220315 17:56:30.814"/>
</kw>
<kw name="Click" library="Browser">
<arg>xpath=//a[contains(@class,"datepicker-cell")]//span[text()="${date}[2]"]</arg>
<tag>PageContent</tag>
<tag>Setter</tag>
<doc>Simulates mouse click on the element found by ``selector``.</doc>
<status status="PASS" starttime="20220315 17:56:30.814" endtime="20220315 17:56:30.872"/>
</kw>
<status status="PASS" starttime="20220315 17:56:30.507" endtime="20220315 17:56:30.872"/>
</kw>
<kw name="Fill Text" library="Browser">
<arg>id=insta</arg>
<arg>${user}[instagram]</arg>
<tag>PageContent</tag>
<tag>Setter</tag>
<doc>Clears and fills the given ``txt`` into the text field found by ``selector``.</doc>
<msg timestamp="20220315 17:56:30.873" level="INFO">Fills the text '@yoda' in the given field.</msg>
<status status="PASS" starttime="20220315 17:56:30.872" endtime="20220315 17:56:30.900"/>
</kw>
<status status="PASS" starttime="20220315 17:56:30.428" endtime="20220315 17:56:30.900"/>
</kw>
<kw name="Select Jedi" library="actions">
<arg>${user}[tpjedi]</arg>
<kw name="Click" library="Browser">
<arg>xpath=//input[@value="${tpjedi}"]/..//span[@class="check"]</arg>
<tag>PageContent</tag>
<tag>Setter</tag>
<doc>Simulates mouse click on the element found by ``selector``.</doc>
<status status="PASS" starttime="20220315 17:56:30.901" endtime="20220315 17:56:30.950"/>
</kw>
<status status="PASS" starttime="20220315 17:56:30.900" endtime="20220315 17:56:30.950"/>
</kw>
<kw name="Check Accept Comunications" library="actions">
<kw name="Click" library="Browser">
<arg>xpath=//input[@name="comunications"]/../span[@class="check"]</arg>
<tag>PageContent</tag>
<tag>Setter</tag>
<doc>Simulates mouse click on the element found by ``selector``.</doc>
<status status="PASS" starttime="20220315 17:56:30.951" endtime="20220315 17:56:31.050"/>
</kw>
<status status="PASS" starttime="20220315 17:56:30.951" endtime="20220315 17:56:31.050"/>
</kw>
<kw name="Submit User Form" library="actions">
<kw name="Click" library="Browser">
<arg>css=button &gt;&gt; text=Cadastrar</arg>
<tag>PageContent</tag>
<tag>Setter</tag>
<doc>Simulates mouse click on the element found by ``selector``.</doc>
<status status="PASS" starttime="20220315 17:56:31.050" endtime="20220315 17:56:31.123"/>
</kw>
<status status="PASS" starttime="20220315 17:56:31.050" endtime="20220315 17:56:31.123"/>
</kw>
<kw name="Toaster Message Shoul Be" library="actions">
<arg>Usuário cadastrado com sucesso!</arg>
<kw name="Set Variable" library="BuiltIn">
<var>${element}</var>
<arg>css=.toast div</arg>
<doc>Returns the given values which can then be assigned to a variables.</doc>
<msg timestamp="20220315 17:56:31.124" level="INFO">${element} = css=.toast div</msg>
<status status="PASS" starttime="20220315 17:56:31.124" endtime="20220315 17:56:31.124"/>
</kw>
<kw name="Wait For Elements State" library="Browser">
<arg>${element}</arg>
<arg>visible</arg>
<arg>5</arg>
<tag>PageContent</tag>
<tag>Wait</tag>
<doc>Waits for the element found by ``selector`` to satisfy state option.</doc>
<msg timestamp="20220315 17:56:31.135" level="INFO">Waited for Element with selector css=.toast div at state visible</msg>
<status status="PASS" starttime="20220315 17:56:31.124" endtime="20220315 17:56:31.135"/>
</kw>
<kw name="Get Text" library="Browser">
<arg>${element}</arg>
<arg>equal</arg>
<arg>${expected_message}</arg>
<tag>Assertion</tag>
<tag>Getter</tag>
<tag>PageContent</tag>
<doc>Returns text attribute of the element found by ``selector``.</doc>
<status status="PASS" starttime="20220315 17:56:31.135" endtime="20220315 17:56:31.156"/>
</kw>
<status status="PASS" starttime="20220315 17:56:31.123" endtime="20220315 17:56:31.156"/>
</kw>
<kw name="Go to Home Page" library="actions">
<kw name="Go To" library="Browser">
<arg>${BASE_URL}</arg>
<tag>BrowserControl</tag>
<tag>Setter</tag>
<doc>Navigates to the given ``url``.</doc>
<msg timestamp="20220315 17:56:31.906" level="INFO">Successfully opened URL https://yodapp-testing.vercel.app</msg>
<status status="PASS" starttime="20220315 17:56:31.156" endtime="20220315 17:56:31.907"/>
</kw>
<kw name="Wait For Elements State" library="Browser">
<arg>css=.carousel</arg>
<arg>visible</arg>
<arg>5</arg>
<tag>PageContent</tag>
<tag>Wait</tag>
<doc>Waits for the element found by ``selector`` to satisfy state option.</doc>
<msg timestamp="20220315 17:56:31.945" level="INFO">Waited for Element with selector css=.carousel at state visible</msg>
<status status="PASS" starttime="20220315 17:56:31.908" endtime="20220315 17:56:31.945"/>
</kw>
<status status="PASS" starttime="20220315 17:56:31.156" endtime="20220315 17:56:31.945"/>
</kw>
<kw name="User Should Be Visible" library="actions">
<arg>${user}</arg>
<kw name="Set Variable" library="BuiltIn">
<var>${element}</var>
<arg>xpath=//td[contains(text(), "${user}[email]")]/..</arg>
<doc>Returns the given values which can then be assigned to a variables.</doc>
<msg timestamp="20220315 17:56:31.949" level="INFO">${element} = xpath=//td[contains(text(), "yoda@jedi.com")]/..</msg>
<status status="PASS" starttime="20220315 17:56:31.948" endtime="20220315 17:56:31.949"/>
</kw>
<kw name="Wait For Elements State" library="Browser">
<arg>${element}</arg>
<arg>visible</arg>
<arg>5</arg>
<tag>PageContent</tag>
<tag>Wait</tag>
<doc>Waits for the element found by ``selector`` to satisfy state option.</doc>
<msg timestamp="20220315 17:56:31.958" level="INFO">Waited for Element with selector xpath=//td[contains(text(), "yoda@jedi.com")]/.. at state visible</msg>
<status status="PASS" starttime="20220315 17:56:31.949" endtime="20220315 17:56:31.958"/>
</kw>
<kw name="Get Text" library="Browser">
<arg>${element}</arg>
<arg>contains</arg>
<arg>${user}[name]</arg>
<tag>Assertion</tag>
<tag>Getter</tag>
<tag>PageContent</tag>
<doc>Returns text attribute of the element found by ``selector``.</doc>
<status status="PASS" starttime="20220315 17:56:31.959" endtime="20220315 17:56:31.976"/>
</kw>
<kw name="Get Text" library="Browser">
<arg>${element}</arg>
<arg>contains</arg>
<arg>${user}[instagram]</arg>
<tag>Assertion</tag>
<tag>Getter</tag>
<tag>PageContent</tag>
<doc>Returns text attribute of the element found by ``selector``.</doc>
<status status="PASS" starttime="20220315 17:56:31.977" endtime="20220315 17:56:31.989"/>
</kw>
<status status="PASS" starttime="20220315 17:56:31.948" endtime="20220315 17:56:31.989"/>
</kw>
<kw name="End Session" library="base" type="TEARDOWN">
<kw name="Take Screenshot" library="Browser">
<tag>PageContent</tag>
<doc>Takes a screenshot of the current window or element and saves it to disk.</doc>
<msg timestamp="20220315 17:56:32.236" level="INFO" html="true">&lt;/td&gt;&lt;/tr&gt;&lt;tr&gt;&lt;td colspan="3"&gt;&lt;a href="browser/screenshot/robotframework-browser-screenshot-1.png"&gt;&lt;img src="browser/screenshot/robotframework-browser-screenshot-1.png" width="800px"&gt;&lt;/a&gt;</msg>
<status status="PASS" starttime="20220315 17:56:31.990" endtime="20220315 17:56:32.236"/>
</kw>
<status status="PASS" starttime="20220315 17:56:31.990" endtime="20220315 17:56:32.236"/>
</kw>
<tag>happy</tag>
<status status="PASS" starttime="20220315 17:56:19.572" endtime="20220315 17:56:32.237"/>
</test>
<test id="s1-s1-t2" name="Email incorreto">
<kw name="Start Session" library="base" type="SETUP">
<kw name="New Browser" library="Browser">
<arg>chromium</arg>
<arg>headless=False</arg>
<arg>slowMo=00:00:00</arg>
<tag>BrowserControl</tag>
<tag>Setter</tag>
<doc>Create a new playwright Browser with specified options.</doc>
<msg timestamp="20220315 17:56:32.292" level="INFO">{"browser": "chromium", "headless": false, "handleSIGINT": true, "handleSIGTERM": true, "handleSIGHUP": true, "timeout": 30000.0, "devtools": false, "slowMo": 0.0, "tracesDir": "C:\\GravidadeZERO\\yodapp\\logs\\browser\\traces\\b40d5b0b-5892-498a-9f8c-a37b35d6e44c"}</msg>
<msg timestamp="20220315 17:56:32.769" level="INFO">Successfully created browser with options: {"browser":"chromium","headless":false,"handleSIGINT":true,"handleSIGTERM":true,"handleSIGHUP":true,"timeout":30000,"devtools":false,"slowMo":0,"tracesDir":"C:\\GravidadeZERO\\yodapp\\logs\\browser\\traces\\b40d5b0b-5892-498a-9f8c-a37b35d6e44c"}</msg>
<status status="PASS" starttime="20220315 17:56:32.292" endtime="20220315 17:56:32.769"/>
</kw>
<kw name="New Page" library="Browser">
<arg>${BASE_URL}</arg>
<tag>BrowserControl</tag>
<tag>Setter</tag>
<doc>Open a new Page.</doc>
<msg timestamp="20220315 17:56:37.845" level="INFO">Successfully initialized new page object and opened url: https://yodapp-testing.vercel.app</msg>
<msg timestamp="20220315 17:56:37.845" level="INFO">No context was open. New context was automatically opened when this page is created.</msg>
<status status="PASS" starttime="20220315 17:56:32.769" endtime="20220315 17:56:37.845"/>
</kw>
<status status="PASS" starttime="20220315 17:56:32.291" endtime="20220315 17:56:37.845"/>
</kw>
<kw name="Factory Darth Vader" library="users">
<var>&amp;{user}</var>
<msg timestamp="20220315 17:56:37.846" level="INFO">&amp;{user} = { name=Darth Vader | email=vader&amp;hotmail.com | ordem=Sith | bdate=dezembro-1980-15 | instagram=@vader }</msg>
<status status="PASS" starttime="20220315 17:56:37.846" endtime="20220315 17:56:37.846"/>
</kw>
<kw name="Go to User Form" library="actions">
<kw name="Click" library="Browser">
<arg>text=Novo</arg>
<tag>PageContent</tag>
<tag>Setter</tag>
<doc>Simulates mouse click on the element found by ``selector``.</doc>
<status status="PASS" starttime="20220315 17:56:37.846" endtime="20220315 17:56:38.111"/>
</kw>
<kw name="Wait For Elements State" library="Browser">
<arg>css=.card-header-title &gt;&gt; text=Cadastrar novo usuário</arg>
<arg>visible</arg>
<arg>5</arg>
<tag>PageContent</tag>
<tag>Wait</tag>
<doc>Waits for the element found by ``selector`` to satisfy state option.</doc>
<msg timestamp="20220315 17:56:38.452" level="INFO">Waited for Element with selector css=.card-header-title &gt;&gt; text=Cadastrar novo usuário at state visible</msg>
<status status="PASS" starttime="20220315 17:56:38.111" endtime="20220315 17:56:38.452"/>
</kw>
<status status="PASS" starttime="20220315 17:56:37.846" endtime="20220315 17:56:38.452"/>
</kw>
<kw name="Fill User Form" library="actions">
<arg>${user}</arg>
<kw name="Fill Text" library="Browser">
<arg>css=input[name="nome"]</arg>
<arg>${user}[name]</arg>
<tag>PageContent</tag>
<tag>Setter</tag>
<doc>Clears and fills the given ``txt`` into the text field found by ``selector``.</doc>
<msg timestamp="20220315 17:56:38.455" level="INFO">Fills the text 'Darth Vader' in the given field.</msg>
<status status="PASS" starttime="20220315 17:56:38.453" endtime="20220315 17:56:38.479"/>
</kw>
<kw name="Fill Text" library="Browser">
<arg>css=input[name="email"]</arg>
<arg>${user}[email]</arg>
<tag>PageContent</tag>
<tag>Setter</tag>
<doc>Clears and fills the given ``txt`` into the text field found by ``selector``.</doc>
<msg timestamp="20220315 17:56:38.480" level="INFO">Fills the text 'vader&amp;hotmail.com' in the given field.</msg>
<status status="PASS" starttime="20220315 17:56:38.479" endtime="20220315 17:56:38.502"/>
</kw>
<kw name="Select Options By" library="Browser">
<arg>css=.ordem select</arg>
<arg>text</arg>
<arg>${user}[ordem]</arg>
<tag>PageContent</tag>
<tag>Setter</tag>
<doc>Selects options from select element found by ``selector``.</doc>
<status status="PASS" starttime="20220315 17:56:38.502" endtime="20220315 17:56:38.528"/>
</kw>
<kw name="Select Birth Date" library="actions">
<arg>${user}[bdate]</arg>
<kw name="Split String" library="String">
<var>@{date}</var>
<arg>${text_date}</arg>
<arg>-</arg>
<doc>Splits the ``string`` using ``separator`` as a delimiter string.</doc>
<msg timestamp="20220315 17:56:38.529" level="INFO">@{date} = [ dezembro | 1980 | 15 ]</msg>
<status status="PASS" starttime="20220315 17:56:38.529" endtime="20220315 17:56:38.529"/>
</kw>
<kw name="Click" library="Browser">
<arg>css=input[name="Data de nascimento"]</arg>
<tag>PageContent</tag>
<tag>Setter</tag>
<doc>Simulates mouse click on the element found by ``selector``.</doc>
<status status="PASS" starttime="20220315 17:56:38.529" endtime="20220315 17:56:38.764"/>
</kw>
<kw name="Select Options By" library="Browser">
<arg>xpath=(//header[@class="datepicker-header"]//select)[1]</arg>
<arg>text</arg>
<arg>${date}[0]</arg>
<tag>PageContent</tag>
<tag>Setter</tag>
<doc>Selects options from select element found by ``selector``.</doc>
<status status="PASS" starttime="20220315 17:56:38.764" endtime="20220315 17:56:38.796"/>
</kw>
<kw name="Select Options By" library="Browser">
<arg>xpath=(//header[@class="datepicker-header"]//select)[2]</arg>
<arg>value</arg>
<arg>${date}[1]</arg>
<tag>PageContent</tag>
<tag>Setter</tag>
<doc>Selects options from select element found by ``selector``.</doc>
<status status="PASS" starttime="20220315 17:56:38.796" endtime="20220315 17:56:38.829"/>
</kw>
<kw name="Click" library="Browser">
<arg>xpath=//a[contains(@class,"datepicker-cell")]//span[text()="${date}[2]"]</arg>
<tag>PageContent</tag>
<tag>Setter</tag>
<doc>Simulates mouse click on the element found by ``selector``.</doc>
<status status="PASS" starttime="20220315 17:56:38.829" endtime="20220315 17:56:38.882"/>
</kw>
<status status="PASS" starttime="20220315 17:56:38.529" endtime="20220315 17:56:38.882"/>
</kw>
<kw name="Fill Text" library="Browser">
<arg>id=insta</arg>
<arg>${user}[instagram]</arg>
<tag>PageContent</tag>
<tag>Setter</tag>
<doc>Clears and fills the given ``txt`` into the text field found by ``selector``.</doc>
<msg timestamp="20220315 17:56:38.882" level="INFO">Fills the text '@vader' in the given field.</msg>
<status status="PASS" starttime="20220315 17:56:38.882" endtime="20220315 17:56:38.908"/>
</kw>
<status status="PASS" starttime="20220315 17:56:38.453" endtime="20220315 17:56:38.908"/>
</kw>
<kw name="Check Accept Comunications" library="actions">
<kw name="Click" library="Browser">
<arg>xpath=//input[@name="comunications"]/../span[@class="check"]</arg>
<tag>PageContent</tag>
<tag>Setter</tag>
<doc>Simulates mouse click on the element found by ``selector``.</doc>
<status status="PASS" starttime="20220315 17:56:38.909" endtime="20220315 17:56:39.189"/>
</kw>
<status status="PASS" starttime="20220315 17:56:38.909" endtime="20220315 17:56:39.189"/>
</kw>
<kw name="Submit User Form" library="actions">
<kw name="Click" library="Browser">
<arg>css=button &gt;&gt; text=Cadastrar</arg>
<tag>PageContent</tag>
<tag>Setter</tag>
<doc>Simulates mouse click on the element found by ``selector``.</doc>
<status status="PASS" starttime="20220315 17:56:39.191" endtime="20220315 17:56:39.244"/>
</kw>
<status status="PASS" starttime="20220315 17:56:39.190" endtime="20220315 17:56:39.244"/>
</kw>
<kw name="Toaster Message Shoul Be" library="actions">
<arg>Oops! O email é incorreto.</arg>
<kw name="Set Variable" library="BuiltIn">
<var>${element}</var>
<arg>css=.toast div</arg>
<doc>Returns the given values which can then be assigned to a variables.</doc>
<msg timestamp="20220315 17:56:39.245" level="INFO">${element} = css=.toast div</msg>
<status status="PASS" starttime="20220315 17:56:39.244" endtime="20220315 17:56:39.245"/>
</kw>
<kw name="Wait For Elements State" library="Browser">
<arg>${element}</arg>
<arg>visible</arg>
<arg>5</arg>
<tag>PageContent</tag>
<tag>Wait</tag>
<doc>Waits for the element found by ``selector`` to satisfy state option.</doc>
<msg timestamp="20220315 17:56:39.255" level="INFO">Waited for Element with selector css=.toast div at state visible</msg>
<status status="PASS" starttime="20220315 17:56:39.245" endtime="20220315 17:56:39.255"/>
</kw>
<kw name="Get Text" library="Browser">
<arg>${element}</arg>
<arg>equal</arg>
<arg>${expected_message}</arg>
<tag>Assertion</tag>
<tag>Getter</tag>
<tag>PageContent</tag>
<doc>Returns text attribute of the element found by ``selector``.</doc>
<status status="PASS" starttime="20220315 17:56:39.255" endtime="20220315 17:56:39.266"/>
</kw>
<status status="PASS" starttime="20220315 17:56:39.244" endtime="20220315 17:56:39.266"/>
</kw>
<kw name="End Session" library="base" type="TEARDOWN">
<kw name="Take Screenshot" library="Browser">
<tag>PageContent</tag>
<doc>Takes a screenshot of the current window or element and saves it to disk.</doc>
<msg timestamp="20220315 17:56:39.512" level="INFO" html="true">&lt;/td&gt;&lt;/tr&gt;&lt;tr&gt;&lt;td colspan="3"&gt;&lt;a href="browser/screenshot/robotframework-browser-screenshot-2.png"&gt;&lt;img src="browser/screenshot/robotframework-browser-screenshot-2.png" width="800px"&gt;&lt;/a&gt;</msg>
<status status="PASS" starttime="20220315 17:56:39.267" endtime="20220315 17:56:39.512"/>
</kw>
<status status="PASS" starttime="20220315 17:56:39.266" endtime="20220315 17:56:39.512"/>
</kw>
<tag>inv_email</tag>
<status status="PASS" starttime="20220315 17:56:32.289" endtime="20220315 17:56:39.513"/>
</test>
<doc>Suite de testes do cadastro de personagens</doc>
<status status="PASS" starttime="20220315 17:56:18.526" endtime="20220315 17:56:39.565"/>
</suite>
<suite id="s1-s2" name="Online" source="C:\GravidadeZERO\yodapp\tests\online.robot">
<test id="s1-s2-t1" name="Yodapp deve estar online">
<kw name="Start Session" library="base" type="SETUP">
<kw name="New Browser" library="Browser">
<arg>chromium</arg>
<arg>headless=False</arg>
<arg>slowMo=00:00:00</arg>
<tag>BrowserControl</tag>
<tag>Setter</tag>
<doc>Create a new playwright Browser with specified options.</doc>
<msg timestamp="20220315 17:56:39.579" level="INFO">{"browser": "chromium", "headless": false, "handleSIGINT": true, "handleSIGTERM": true, "handleSIGHUP": true, "timeout": 30000.0, "devtools": false, "slowMo": 0.0, "tracesDir": "C:\\GravidadeZERO\\yodapp\\logs\\browser\\traces\\ce4b9b1e-f1a9-4b8c-97a3-6fc86b63d0e1"}</msg>
<msg timestamp="20220315 17:56:40.051" level="INFO">Successfully created browser with options: {"browser":"chromium","headless":false,"handleSIGINT":true,"handleSIGTERM":true,"handleSIGHUP":true,"timeout":30000,"devtools":false,"slowMo":0,"tracesDir":"C:\\GravidadeZERO\\yodapp\\logs\\browser\\traces\\ce4b9b1e-f1a9-4b8c-97a3-6fc86b63d0e1"}</msg>
<status status="PASS" starttime="20220315 17:56:39.579" endtime="20220315 17:56:40.051"/>
</kw>
<kw name="New Page" library="Browser">
<arg>${BASE_URL}</arg>
<tag>BrowserControl</tag>
<tag>Setter</tag>
<doc>Open a new Page.</doc>
<msg timestamp="20220315 17:56:44.549" level="INFO">Successfully initialized new page object and opened url: https://yodapp-testing.vercel.app</msg>
<msg timestamp="20220315 17:56:44.549" level="INFO">No context was open. New context was automatically opened when this page is created.</msg>
<status status="PASS" starttime="20220315 17:56:40.052" endtime="20220315 17:56:44.550"/>
</kw>
<status status="PASS" starttime="20220315 17:56:39.578" endtime="20220315 17:56:44.550"/>
</kw>
<kw name="Get Title" library="Browser">
<arg>equal</arg>
<arg>Yodapp | QAninja</arg>
<tag>Assertion</tag>
<tag>Getter</tag>
<tag>PageContent</tag>
<doc>Returns the title of the current page.</doc>
<status status="PASS" starttime="20220315 17:56:44.551" endtime="20220315 17:56:44.562"/>
</kw>
<kw name="End Session" library="base" type="TEARDOWN">
<kw name="Take Screenshot" library="Browser">
<tag>PageContent</tag>
<doc>Takes a screenshot of the current window or element and saves it to disk.</doc>
<msg timestamp="20220315 17:56:44.824" level="INFO" html="true">&lt;/td&gt;&lt;/tr&gt;&lt;tr&gt;&lt;td colspan="3"&gt;&lt;a href="browser/screenshot/robotframework-browser-screenshot-3.png"&gt;&lt;img src="browser/screenshot/robotframework-browser-screenshot-3.png" width="800px"&gt;&lt;/a&gt;</msg>
<status status="PASS" starttime="20220315 17:56:44.563" endtime="20220315 17:56:44.824"/>
</kw>
<status status="PASS" starttime="20220315 17:56:44.563" endtime="20220315 17:56:44.824"/>
</kw>
<status status="PASS" starttime="20220315 17:56:39.577" endtime="20220315 17:56:44.825"/>
</test>
<test id="s1-s2-t2" name="Deve exibir mensagem de boas vindas">
<kw name="Start Session" library="base" type="SETUP">
<kw name="New Browser" library="Browser">
<arg>chromium</arg>
<arg>headless=False</arg>
<arg>slowMo=00:00:00</arg>
<tag>BrowserControl</tag>
<tag>Setter</tag>
<doc>Create a new playwright Browser with specified options.</doc>
<msg timestamp="20220315 17:56:44.872" level="INFO">{"browser": "chromium", "headless": false, "handleSIGINT": true, "handleSIGTERM": true, "handleSIGHUP": true, "timeout": 30000.0, "devtools": false, "slowMo": 0.0, "tracesDir": "C:\\GravidadeZERO\\yodapp\\logs\\browser\\traces\\fe9117cc-4b9a-4a3b-90ef-60a76f7826a2"}</msg>
<msg timestamp="20220315 17:56:45.342" level="INFO">Successfully created browser with options: {"browser":"chromium","headless":false,"handleSIGINT":true,"handleSIGTERM":true,"handleSIGHUP":true,"timeout":30000,"devtools":false,"slowMo":0,"tracesDir":"C:\\GravidadeZERO\\yodapp\\logs\\browser\\traces\\fe9117cc-4b9a-4a3b-90ef-60a76f7826a2"}</msg>
<status status="PASS" starttime="20220315 17:56:44.871" endtime="20220315 17:56:45.342"/>
</kw>
<kw name="New Page" library="Browser">
<arg>${BASE_URL}</arg>
<tag>BrowserControl</tag>
<tag>Setter</tag>
<doc>Open a new Page.</doc>
<msg timestamp="20220315 17:56:50.070" level="INFO">Successfully initialized new page object and opened url: https://yodapp-testing.vercel.app</msg>
<msg timestamp="20220315 17:56:50.070" level="INFO">No context was open. New context was automatically opened when this page is created.</msg>
<status status="PASS" starttime="20220315 17:56:45.342" endtime="20220315 17:56:50.070"/>
</kw>
<status status="PASS" starttime="20220315 17:56:44.871" endtime="20220315 17:56:50.070"/>
</kw>
<kw name="Wait For Elements State" library="Browser">
<arg>css=.navbar-item &gt;&gt; text= Que a Força (qualidade) esteja com você!</arg>
<arg>visible</arg>
<arg>5</arg>
<tag>PageContent</tag>
<tag>Wait</tag>
<doc>Waits for the element found by ``selector`` to satisfy state option.</doc>
<msg timestamp="20220315 17:56:50.091" level="INFO">Waited for Element with selector css=.navbar-item &gt;&gt; text= Que a Força (qualidade) esteja com você! at state visible</msg>
<status status="PASS" starttime="20220315 17:56:50.071" endtime="20220315 17:56:50.091"/>
</kw>
<kw name="End Session" library="base" type="TEARDOWN">
<kw name="Take Screenshot" library="Browser">
<tag>PageContent</tag>
<doc>Takes a screenshot of the current window or element and saves it to disk.</doc>
<msg timestamp="20220315 17:56:50.334" level="INFO" html="true">&lt;/td&gt;&lt;/tr&gt;&lt;tr&gt;&lt;td colspan="3"&gt;&lt;a href="browser/screenshot/robotframework-browser-screenshot-4.png"&gt;&lt;img src="browser/screenshot/robotframework-browser-screenshot-4.png" width="800px"&gt;&lt;/a&gt;</msg>
<status status="PASS" starttime="20220315 17:56:50.093" endtime="20220315 17:56:50.334"/>
</kw>
<status status="PASS" starttime="20220315 17:56:50.092" endtime="20220315 17:56:50.334"/>
</kw>
<status status="PASS" starttime="20220315 17:56:44.869" endtime="20220315 17:56:50.335"/>
</test>
<doc>Suite de testes para verificar se o app está online</doc>
<status status="PASS" starttime="20220315 17:56:39.568" endtime="20220315 17:56:50.379"/>
</suite>
<status status="PASS" starttime="20220315 17:56:18.505" endtime="20220315 17:56:50.383"/>
</suite>
<statistics>
<total>
<stat pass="4" fail="0" skip="0">All Tests</stat>
</total>
<tag>
<stat pass="1" fail="0" skip="0">happy</stat>
<stat pass="1" fail="0" skip="0">inv_email</stat>
</tag>
<suite>
<stat pass="4" fail="0" skip="0" id="s1" name="Tests">Tests</stat>
<stat pass="2" fail="0" skip="0" id="s1-s1" name="Cadastro">Tests.Cadastro</stat>
<stat pass="2" fail="0" skip="0" id="s1-s2" name="Online">Tests.Online</stat>
</suite>
</statistics>
<errors>
</errors>
</robot>
